Arguments: 
  C:\Program Files (x86)\nodejs\node.exe C:\Program Files (x86)\Yarn\bin\yarn.js init

PATH: 
  C:\Program Files (x86)\Common Files\Oracle\Java\javapath;C:\Program Files\Microsoft MPI\Bin\;C:\ProgramData\Oracle\Java\javapath;C:\Python34\Lib\site-packages\PyQt4;C:\Perl64\site\bin;C:\Program Files\Java\jdk1.8.0_101;C:\Program Files (x86)\Common Files\Apple\Apple Application Support;C:\Program Files\Broadcom\Broadcom 802.11 Network Adapter;C:\Program Files (x86)\Intel\iCLS Client\;C:\Program Files\Intel\iCLS Client\;C:\windows\system32;C:\windows;C:\windows\System32\Wbem;C:\windows\System32\WindowsPowerShell\v1.0\;C:\Program Files\Intel\Intel(R) Management Engine Components\DAL;C:\Program Files\Intel\Intel(R) Management Engine Components\IPT;C:\Program Files (x86)\Intel\Intel(R) Management Engine Components\DAL;C:\Program Files (x86)\Intel\Intel(R) Management Engine Components\IPT;C:\Program Files (x86)\Common Files\Roxio Shared\DLLShared\;C:\Program Files (x86)\Common Files\Roxio Shared\OEM\12.0\DLLShared\;C:\Program Files (x86)\Roxio 2010\OEM\AudioCore\;C:\Program Files\Microsoft SQL Server\110\Tools\Binn\;C:\Program Files (x86)\Microsoft SDKs\TypeScript\1.0\;C:\Program Files\Microsoft SQL Server\120\Tools\Binn\;C:\Program Files (x86)\Windows Live\Shared;C:\Program Files (x86)\GtkSharp\2.12\bin;C:\Program Files\Microsoft\Web Platform Installer\;C:\WINDOWS\system32;C:\WINDOWS;C:\WINDOWS\System32\Wbem;C:\WINDOWS\System32\WindowsPowerShell\v1.0\;C:\Users\User\.dnx\bin;C:\Program Files\Microsoft DNX\Dnvm\;C:\MinGW\bin;C:\Users\User\AppData\Local\Android\Sdk\platform-tools;C:\Program Files (x86)\gnuplot\bin;C:\Program Files\Microsoft SQL Server\130\Tools\Binn\;C:\Program Files\dotnet\;C:\Program Files (x86)\Windows Kits\10\Windows Performance Toolkit\;C:\Program Files\CMake\bin;C:\Program Files (x86)\nodejs\;C:\w32tex\bin;C:\WINDOWS\System32\OpenSSH\;C:\Program Files (x86)\Yarn\bin\;C:\Program Files\Git\cmd;C:\HashiCorp\Vagrant\bin;C:\Users\User\.cargo\bin;C:\Ruby24-x64\bin;D:\kaito's file\downloads\BCC101\bin;C:\Users\User\AppData\Local\Programs\Python\Python35-32\Scripts\;C:\Users\User\AppData\Local\Programs\Python\Python35-32\;C:\Users\User\AppData\Roaming\cabal\bin;C:\Users\User\AppData\Roaming\local\bin;C:\MinGW\bin;C:\Users\User\.dnx\bin;C:\Program Files\Java\jdk1.8.0_101\bin;C:\Users\User\AppData\Local\atom\app-0.208.0;C:\Users\User\AppData\Local\atom\bin;C:\Perl64\bin;D:\kaito's file\downloads\jsshell-win64;c:\php;D:\kaito's file\downloads\exerb-5.4.0\bin;C:\Program Files\Git;C:\Users\User\AppData\Local\Android\Sdk\platform-tools;C:\Program Files\Oracle\VirtualBox;C:\Users\User\AppData\Local\Microsoft\WindowsApps;C:\android-sdk-windows\platform-tools;C:\Program Files (x86)\Vim\vim74;C:\Program Files\Mono\bin;C:\Windows\Microsoft.NET\Framework64\v4.0.30319;D:\kaito's file\OpenSSH-Win64;C:\Program Files (x86)\IronPython 2.7;C:\Program Files\R\R-3.4.0\bin;C:\Program Files\Microsoft VS Code\bin;C:\borland\bcc55\Bin;C:\Users\User\AppData\Roaming\npm;C:\Users;%USERPROFILE%\AppData\Local\Microsoft\WindowsApps;%GOPATH%\bin;C:\Go\bin;C:\Users\User\AppData\Local\Programs\Microsoft VS Code\bin;C:\Users\User\AppData\Local\Yarn\bin;D:\kaito's file\downloads\uncrustify-0.68.1-win32;C:\Program Files\Git LFS;C:\Program Files (x86)\Prince\engine\bin;C:\Program Files\LLVM\bin;%IntelliJ IDEA%;C:\Program Files\heroku\bin;;C:\Users\User\AppData\Local\hyper\app-3.0.2\resources\bin

Yarn version: 
  1.10.1

Node version: 
  8.11.2

Platform: 
  win32 x64

Trace: 
  Error: canceled
      at Interface.<anonymous> (C:\Program Files (x86)\Yarn\lib\cli.js:116426:13)
      at emitNone (events.js:106:13)
      at Interface.emit (events.js:208:7)
      at Interface._ttyWrite (readline.js:774:16)
      at ReadStream.onkeypress (readline.js:158:10)
      at emitTwo (events.js:126:13)
      at ReadStream.emit (events.js:214:7)
      at emitKeys (internal/readline.js:420:14)
      at emitKeys.next (<anonymous>)
      at ReadStream.onData (readline.js:1010:36)

npm manifest: 
  No manifest

yarn manifest: 
  No manifest

Lockfile: 
  No lockfile
